02/11/2018 01:48:25 am - IMG CRON - Image: 1311, Task: 1, Done
02/11/2018 01:52:04 am - IMG CRON - Image: 1311, Task: 2, Fail, 
02/11/2018 01:56:45 am - IMG CRON - Image: 1311, Task: 6, Fail, 
02/11/2018 01:56:45 am - IMG CRON - Image: 1311, Task: 5, Fail, 
02/11/2018 01:56:45 am - IMG CRON - Image: 1311, Task: 4, Fail, 
02/11/2018 01:56:45 am - IMG CRON - Image: 1311, Task: 3, Fail, 
02/11/2018 02:01:45 am - IMG CRON - Image: 1311, Task: 9, Fail, 
02/11/2018 02:01:45 am - IMG CRON - Image: 1311, Task: 8, Fail, 
02/11/2018 02:01:45 am - IMG CRON - Image: 1311, Task: 7, Fail, 
02/11/2018 02:07:04 am - IMG CRON - Image: 1311, Task: 12, Fail, 
02/11/2018 02:07:04 am - IMG CRON - Image: 1311, Task: 11, Fail, 
02/11/2018 02:07:04 am - IMG CRON - Image: 1311, Task: 10, Fail, 
02/11/2018 02:11:48 am - IMG CRON - Image: 1311, Task: 13, Fail, 
02/11/2018 02:16:55 am - IMG CRON - Image: 1311, Task: 16, Fail, 
02/11/2018 02:16:55 am - IMG CRON - Image: 1311, Task: 15, Fail, 
02/11/2018 02:16:55 am - IMG CRON - Image: 1311, Task: 14, Fail, 
02/11/2018 02:22:16 am - IMG CRON - Image: 1311, Task: 19, Fail, 
02/11/2018 02:22:16 am - IMG CRON - Image: 1311, Task: 18, Fail, 
02/11/2018 02:22:16 am - IMG CRON - Image: 1311, Task: 17, Fail, 
02/11/2018 02:26:41 am - IMG CRON - Image: 1311, Task: 21, Fail, 
02/11/2018 02:26:41 am - IMG CRON - Image: 1311, Task: 20, Fail, 
02/11/2018 02:31:46 am - IMG CRON - Image: 1311, Task: 22, Fail, 
06/11/2018 01:05:54 am - IMG CRON - Image: 1311, Task: 23, Fail, 
06/11/2018 01:19:28 am - IMG CRON - Image: 4414, Task: 24, Done
06/11/2018 01:24:18 am - IMG CRON - Image: 4419, Task: 26, Done
06/11/2018 01:24:18 am - IMG CRON - Image: 1311, Task: 25, Fail, 
06/11/2018 01:29:27 am - IMG CRON - Image: 4424, Task: 27, Done
06/11/2018 01:34:15 am - IMG CRON - Image: 4429, Task: 28, Done
06/11/2018 01:39:35 am - IMG CRON - Image: 4434, Task: 29, Done
06/11/2018 01:44:26 am - IMG CRON - Image: 4444, Task: 31, Done
06/11/2018 01:44:31 am - IMG CRON - Image: 4439, Task: 30, Done
06/11/2018 01:50:05 am - IMG CRON - Image: 4449, Task: 32, Done
06/11/2018 01:54:22 am - IMG CRON - Image: 4455, Task: 33, Done
06/11/2018 01:59:08 am - IMG CRON - Image: 4465, Task: 35, Done
06/11/2018 01:59:12 am - IMG CRON - Image: 4460, Task: 34, Done
06/11/2018 02:04:49 am - IMG CRON - Image: 4470, Task: 36, Done
06/11/2018 02:09:53 am - IMG CRON - Image: 4480, Task: 38, Done
06/11/2018 02:09:57 am - IMG CRON - Image: 4475, Task: 37, Done
06/11/2018 02:14:31 am - IMG CRON - Image: 4485, Task: 39, Done
06/11/2018 02:19:19 am - IMG CRON - Image: 4495, Task: 41, Done
06/11/2018 02:19:24 am - IMG CRON - Image: 4490, Task: 40, Done
23/02/2019 12:56:03 pm - IMG CRON - Image: 4553, Task: 43, Fail, 0
23/02/2019 12:56:03 pm - IMG CRON - Image: 4551, Task: 42, Fail, 0
23/02/2019 01:01:32 pm - IMG CRON - Image: 4555, Task: 44, Done
23/02/2019 01:06:42 pm - IMG CRON - Image: 4561, Task: 46, Done
23/02/2019 01:06:43 pm - IMG CRON - Image: 4557, Task: 45, Done
23/02/2019 01:32:07 pm - IMG CRON - Image: 4565, Task: 47, Done
24/02/2019 09:26:37 pm - IMG CRON - Image: 4576, Task: 50, Done
24/02/2019 09:26:48 pm - IMG CRON - Image: 4574, Task: 49, Done
24/02/2019 09:26:53 pm - IMG CRON - Image: 4571, Task: 48, Done
24/02/2019 09:31:12 pm - IMG CRON - Image: 4579, Task: 52, Done
24/02/2019 09:31:17 pm - IMG CRON - Image: 4577, Task: 51, Done
26/02/2019 07:56:03 pm - IMG CRON - Image: 4585, Task: 53, Done
26/02/2019 08:11:09 pm - IMG CRON - Image: 4586, Task: 54, Done
26/02/2019 08:16:23 pm - IMG CRON - Image: 4587, Task: 55, Done
26/02/2019 09:01:07 pm - IMG CRON - Image: 4590, Task: 56, Done
27/02/2019 01:01:46 am - IMG CRON - Image: 4596, Task: 57, Done
27/02/2019 03:01:07 pm - IMG CRON - Image: 4612, Task: 58, Done
28/02/2019 07:16:12 pm - IMG CRON - Image: 4636, Task: 59, Done
28/02/2019 07:21:19 pm - IMG CRON - Image: 4642, Task: 65, Done
28/02/2019 07:21:24 pm - IMG CRON - Image: 4641, Task: 64, Done
28/02/2019 07:21:29 pm - IMG CRON - Image: 4640, Task: 63, Done
28/02/2019 07:21:34 pm - IMG CRON - Image: 4639, Task: 62, Done
28/02/2019 07:26:35 pm - IMG CRON - Image: 4643, Task: 66, Done
28/02/2019 07:26:40 pm - IMG CRON - Image: 4638, Task: 61, Done
28/02/2019 07:26:45 pm - IMG CRON - Image: 4637, Task: 60, Done
28/02/2019 07:31:06 pm - IMG CRON - Image: 4644, Task: 67, Done
28/02/2019 07:42:09 pm - IMG CRON - Image: 4645, Task: 68, Done
28/02/2019 08:16:39 pm - IMG CRON - Image: 4646, Task: 69, Done
28/02/2019 08:26:22 pm - IMG CRON - Image: 4647, Task: 70, Done
28/02/2019 08:31:18 pm - IMG CRON - Image: 4649, Task: 72, Done
28/02/2019 08:31:22 pm - IMG CRON - Image: 4648, Task: 71, Done
28/02/2019 08:36:09 pm - IMG CRON - Image: 4650, Task: 73, Done
28/02/2019 08:46:17 pm - IMG CRON - Image: 4701, Task: 74, Done
28/02/2019 08:51:57 pm - IMG CRON - Image: 4703, Task: 80, Done
28/02/2019 08:51:57 pm - IMG CRON - Image: 4703, Task: 81, Fail, 
28/02/2019 08:51:57 pm - IMG CRON - Image: 4703, Task: 79, Fail, 
28/02/2019 08:51:57 pm - IMG CRON - Image: 4703, Task: 78, Fail, 
28/02/2019 08:56:13 pm - IMG CRON - Image: 4705, Task: 83, Done
28/02/2019 08:56:17 pm - IMG CRON - Image: 4704, Task: 82, Done
28/02/2019 08:56:17 pm - IMG CRON - Image: 4703, Task: 76, Fail, 
28/02/2019 08:56:17 pm - IMG CRON - Image: 4703, Task: 77, Fail, 
28/02/2019 09:02:16 pm - IMG CRON - Image: 4703, Task: 75, Fail, 
01/03/2019 01:52:32 am - IMG CRON - Image: 4709, Task: 84, Done
01/03/2019 02:07:36 am - IMG CRON - Image: 4718, Task: 91, Done
01/03/2019 02:07:40 am - IMG CRON - Image: 4717, Task: 90, Done
01/03/2019 02:07:44 am - IMG CRON - Image: 4716, Task: 89, Done
01/03/2019 02:07:48 am - IMG CRON - Image: 4715, Task: 88, Done
01/03/2019 02:11:34 am - IMG CRON - Image: 4714, Task: 87, Done
01/03/2019 02:11:38 am - IMG CRON - Image: 4713, Task: 86, Done
01/03/2019 02:11:42 am - IMG CRON - Image: 4712, Task: 85, Done
01/03/2019 02:51:51 am - IMG CRON - Image: 4724, Task: 95, Done
01/03/2019 02:51:55 am - IMG CRON - Image: 4723, Task: 94, Done
01/03/2019 02:51:59 am - IMG CRON - Image: 4722, Task: 93, Done
01/03/2019 02:52:03 am - IMG CRON - Image: 4721, Task: 92, Done
02/03/2019 01:46:19 pm - IMG CRON - Image: 4776, Task: 96, Done
02/03/2019 02:01:56 pm - IMG CRON - Image: 4786, Task: 104, Done
02/03/2019 02:02:00 pm - IMG CRON - Image: 4785, Task: 103, Done
02/03/2019 02:02:04 pm - IMG CRON - Image: 4784, Task: 102, Done
02/03/2019 02:02:08 pm - IMG CRON - Image: 4783, Task: 101, Done
02/03/2019 02:06:23 pm - IMG CRON - Image: 4782, Task: 100, Done
02/03/2019 02:06:27 pm - IMG CRON - Image: 4781, Task: 99, Done
02/03/2019 02:06:31 pm - IMG CRON - Image: 4780, Task: 98, Done
02/03/2019 02:06:35 pm - IMG CRON - Image: 4779, Task: 97, Done
02/03/2019 02:11:48 pm - IMG CRON - Image: 4791, Task: 107, Done
02/03/2019 02:11:52 pm - IMG CRON - Image: 4790, Task: 106, Done
02/03/2019 02:11:56 pm - IMG CRON - Image: 4789, Task: 105, Done
02/03/2019 03:01:10 pm - IMG CRON - Image: 4798, Task: 112, Done
02/03/2019 03:01:14 pm - IMG CRON - Image: 4797, Task: 111, Done
02/03/2019 03:01:19 pm - IMG CRON - Image: 4796, Task: 110, Done
02/03/2019 03:01:23 pm - IMG CRON - Image: 4795, Task: 109, Done
02/03/2019 03:06:29 pm - IMG CRON - Image: 4801, Task: 113, Done
02/03/2019 03:06:33 pm - IMG CRON - Image: 4794, Task: 108, Done
02/03/2019 03:16:29 pm - IMG CRON - Image: 4806, Task: 114, Done
02/03/2019 03:31:15 pm - IMG CRON - Image: 4812, Task: 118, Done
02/03/2019 03:31:19 pm - IMG CRON - Image: 4811, Task: 117, Done
02/03/2019 03:31:23 pm - IMG CRON - Image: 4810, Task: 116, Done
02/03/2019 03:31:27 pm - IMG CRON - Image: 4809, Task: 115, Done
02/03/2019 03:47:17 pm - IMG CRON - Image: 4823, Task: 127, Done
02/03/2019 03:47:21 pm - IMG CRON - Image: 4822, Task: 126, Done
02/03/2019 03:47:25 pm - IMG CRON - Image: 4821, Task: 125, Done
02/03/2019 03:47:30 pm - IMG CRON - Image: 4820, Task: 124, Done
02/03/2019 09:05:38 pm - IMG CRON - Image: 4819, Task: 123, Done
02/03/2019 09:05:42 pm - IMG CRON - Image: 4818, Task: 122, Done
02/03/2019 09:05:47 pm - IMG CRON - Image: 4817, Task: 121, Done
02/03/2019 09:05:51 pm - IMG CRON - Image: 4816, Task: 120, Done
02/03/2019 09:06:40 pm - IMG CRON - Image: 4815, Task: 119, Done
02/03/2019 09:31:13 pm - IMG CRON - Image: 4830, Task: 131, Done
02/03/2019 09:31:17 pm - IMG CRON - Image: 4829, Task: 130, Done
02/03/2019 09:31:21 pm - IMG CRON - Image: 4828, Task: 129, Done
02/03/2019 09:31:25 pm - IMG CRON - Image: 4827, Task: 128, Done
03/03/2019 01:58:07 pm - IMG CRON - Image: 4833, Task: 132, Done
03/03/2019 02:36:57 pm - IMG CRON - Image: 4840, Task: 135, Done
03/03/2019 02:37:01 pm - IMG CRON - Image: 4839, Task: 134, Done
03/03/2019 02:37:05 pm - IMG CRON - Image: 4838, Task: 133, Done
03/03/2019 02:46:16 pm - IMG CRON - Image: 4843, Task: 136, Done
03/03/2019 02:51:24 pm - IMG CRON - Image: 4846, Task: 139, Done
03/03/2019 02:51:28 pm - IMG CRON - Image: 4845, Task: 138, Done
03/03/2019 02:51:32 pm - IMG CRON - Image: 4844, Task: 137, Done
03/03/2019 02:56:58 pm - IMG CRON - Image: 4849, Task: 140, Done
03/03/2019 03:02:16 pm - IMG CRON - Image: 4853, Task: 141, Done
03/03/2019 03:10:59 pm - IMG CRON - Image: 4858, Task: 145, Done
03/03/2019 03:11:03 pm - IMG CRON - Image: 4857, Task: 144, Done
03/03/2019 03:11:07 pm - IMG CRON - Image: 4856, Task: 143, Done
03/03/2019 03:11:11 pm - IMG CRON - Image: 4855, Task: 142, Done
03/03/2019 03:21:35 pm - IMG CRON - Image: 4866, Task: 152, Done
03/03/2019 03:21:38 pm - IMG CRON - Image: 4865, Task: 151, Done
03/03/2019 03:21:43 pm - IMG CRON - Image: 4864, Task: 150, Done
03/03/2019 03:21:46 pm - IMG CRON - Image: 4863, Task: 149, Done
03/03/2019 03:26:20 pm - IMG CRON - Image: 4862, Task: 148, Done
03/03/2019 03:26:24 pm - IMG CRON - Image: 4861, Task: 147, Done
03/03/2019 03:26:28 pm - IMG CRON - Image: 4860, Task: 146, Done
03/03/2019 03:32:28 pm - IMG CRON - Image: 4875, Task: 160, Done
03/03/2019 03:32:32 pm - IMG CRON - Image: 4874, Task: 159, Done
03/03/2019 03:32:36 pm - IMG CRON - Image: 4873, Task: 158, Done
03/03/2019 03:32:40 pm - IMG CRON - Image: 4872, Task: 157, Done
03/03/2019 03:37:44 pm - IMG CRON - Image: 4871, Task: 156, Done
03/03/2019 03:37:49 pm - IMG CRON - Image: 4870, Task: 155, Done
03/03/2019 03:37:53 pm - IMG CRON - Image: 4869, Task: 154, Done
03/03/2019 03:37:56 pm - IMG CRON - Image: 4868, Task: 153, Done
03/03/2019 03:42:31 pm - IMG CRON - Image: 4884, Task: 168, Done
03/03/2019 03:42:35 pm - IMG CRON - Image: 4883, Task: 167, Done
03/03/2019 03:42:39 pm - IMG CRON - Image: 4882, Task: 166, Done
03/03/2019 03:42:43 pm - IMG CRON - Image: 4881, Task: 165, Done
03/03/2019 03:46:27 pm - IMG CRON - Image: 4880, Task: 164, Done
03/03/2019 03:46:31 pm - IMG CRON - Image: 4879, Task: 163, Done
03/03/2019 03:46:35 pm - IMG CRON - Image: 4878, Task: 162, Done
03/03/2019 03:46:39 pm - IMG CRON - Image: 4877, Task: 161, Done
03/03/2019 03:51:29 pm - IMG CRON - Image: 4887, Task: 170, Done
03/03/2019 03:51:33 pm - IMG CRON - Image: 4886, Task: 169, Done
03/03/2019 03:56:16 pm - IMG CRON - Image: 4895, Task: 177, Done
03/03/2019 03:56:20 pm - IMG CRON - Image: 4894, Task: 176, Done
03/03/2019 03:56:24 pm - IMG CRON - Image: 4893, Task: 175, Done
03/03/2019 03:56:28 pm - IMG CRON - Image: 4892, Task: 174, Done
03/03/2019 04:01:17 pm - IMG CRON - Image: 4891, Task: 173, Done
03/03/2019 04:01:21 pm - IMG CRON - Image: 4890, Task: 172, Done
03/03/2019 04:01:26 pm - IMG CRON - Image: 4889, Task: 171, Done
03/03/2019 04:06:56 pm - IMG CRON - Image: 4900, Task: 180, Done
03/03/2019 04:07:01 pm - IMG CRON - Image: 4899, Task: 179, Done
03/03/2019 04:07:05 pm - IMG CRON - Image: 4898, Task: 178, Done
03/03/2019 04:31:16 pm - IMG CRON - Image: 4904, Task: 182, Done
03/03/2019 04:31:16 pm - IMG CRON - Image: 4902, Task: 181, Fail, 0
03/03/2019 04:37:30 pm - IMG CRON - Image: 4908, Task: 184, Done
03/03/2019 04:37:31 pm - IMG CRON - Image: 4906, Task: 183, Done
03/03/2019 04:46:04 pm - IMG CRON - Image: 4910, Task: 185, Done
03/03/2019 04:56:21 pm - IMG CRON - Image: 4911, Task: 186, Done
12/03/2019 01:51:24 pm - IMG CRON - Image: 4993, Task: 187, Done
15/03/2019 11:46:19 pm - IMG CRON - Image: 5019, Task: 188, Done
16/03/2019 12:06:06 am - IMG CRON - Image: 5020, Task: 189, Done
16/03/2019 12:11:19 am - IMG CRON - Image: 5023, Task: 191, Done
16/03/2019 12:11:24 am - IMG CRON - Image: 5021, Task: 190, Done
16/03/2019 12:16:24 am - IMG CRON - Image: 5026, Task: 194, Done
16/03/2019 12:16:29 am - IMG CRON - Image: 5025, Task: 193, Done
16/03/2019 12:16:34 am - IMG CRON - Image: 5024, Task: 192, Done
08/04/2019 03:06:50 pm - IMG CRON - Image: 5040, Task: 195, Fail, 0
08/04/2019 03:11:11 pm - IMG CRON - Image: 5044, Task: 198, Done
08/04/2019 03:11:15 pm - IMG CRON - Image: 5042, Task: 197, Done
08/04/2019 03:11:19 pm - IMG CRON - Image: 5041, Task: 196, Done
08/04/2019 03:18:00 pm - IMG CRON - Image: 5049, Task: 203, Done
08/04/2019 03:18:04 pm - IMG CRON - Image: 5048, Task: 202, Done
08/04/2019 03:18:08 pm - IMG CRON - Image: 5047, Task: 201, Done
08/04/2019 03:18:12 pm - IMG CRON - Image: 5046, Task: 200, Done
08/04/2019 03:22:12 pm - IMG CRON - Image: 5045, Task: 199, Done
08/04/2019 03:31:14 pm - IMG CRON - Image: 5057, Task: 207, Done
08/04/2019 03:31:18 pm - IMG CRON - Image: 5055, Task: 206, Done
08/04/2019 03:31:22 pm - IMG CRON - Image: 5053, Task: 205, Done
08/04/2019 03:31:26 pm - IMG CRON - Image: 5051, Task: 204, Done
08/04/2019 03:36:20 pm - IMG CRON - Image: 5061, Task: 210, Done
08/04/2019 03:36:24 pm - IMG CRON - Image: 5059, Task: 209, Done
08/04/2019 03:36:24 pm - IMG CRON - Image: 5058, Task: 208, Fail, 0
08/04/2019 03:41:19 pm - IMG CRON - Image: 5066, Task: 213, Done
08/04/2019 03:41:23 pm - IMG CRON - Image: 5064, Task: 212, Done
08/04/2019 03:41:32 pm - IMG CRON - Image: 5062, Task: 211, Done
08/04/2019 03:46:02 pm - IMG CRON - Image: 5070, Task: 215, Done
08/04/2019 03:46:07 pm - IMG CRON - Image: 5068, Task: 214, Done
08/04/2019 03:51:55 pm - IMG CRON - Image: 5079, Task: 220, Done
08/04/2019 03:51:59 pm - IMG CRON - Image: 5077, Task: 219, Done
08/04/2019 03:52:03 pm - IMG CRON - Image: 5075, Task: 218, Done
08/04/2019 03:52:07 pm - IMG CRON - Image: 5073, Task: 217, Done
08/04/2019 03:56:28 pm - IMG CRON - Image: 5071, Task: 216, Done
08/04/2019 04:02:51 pm - IMG CRON - Image: 5080, Task: 221, Done
08/04/2019 04:11:35 pm - IMG CRON - Image: 5087, Task: 225, Done
08/04/2019 04:11:39 pm - IMG CRON - Image: 5085, Task: 224, Done
08/04/2019 04:11:44 pm - IMG CRON - Image: 5083, Task: 223, Done
08/04/2019 04:11:48 pm - IMG CRON - Image: 5081, Task: 222, Done
08/04/2019 04:16:18 pm - IMG CRON - Image: 5092, Task: 228, Done
08/04/2019 04:16:22 pm - IMG CRON - Image: 5090, Task: 227, Done
08/04/2019 04:16:33 pm - IMG CRON - Image: 5088, Task: 226, Done
08/04/2019 04:23:03 pm - IMG CRON - Image: 5103, Task: 234, Done
08/04/2019 04:23:07 pm - IMG CRON - Image: 5102, Task: 233, Done
08/04/2019 04:23:11 pm - IMG CRON - Image: 5100, Task: 232, Done
08/04/2019 04:23:15 pm - IMG CRON - Image: 5098, Task: 231, Done
08/04/2019 04:28:16 pm - IMG CRON - Image: 5095, Task: 230, Done
08/04/2019 04:28:20 pm - IMG CRON - Image: 5093, Task: 229, Done
08/04/2019 06:56:15 pm - IMG CRON - Image: 5104, Task: 235, Done
08/04/2019 07:01:14 pm - IMG CRON - Image: 5105, Task: 236, Done
08/04/2019 07:11:08 pm - IMG CRON - Image: 5113, Task: 240, Done
08/04/2019 07:11:12 pm - IMG CRON - Image: 5111, Task: 239, Done
08/04/2019 07:11:16 pm - IMG CRON - Image: 5109, Task: 238, Done
08/04/2019 07:11:20 pm - IMG CRON - Image: 5107, Task: 237, Done
08/04/2019 07:11:34 pm - IMG CRON - Image: 5115, Task: 241, Done
08/04/2019 07:17:13 pm - IMG CRON - Image: 5117, Task: 242, Done
08/04/2019 07:21:16 pm - IMG CRON - Image: 5120, Task: 245, Done
08/04/2019 07:21:20 pm - IMG CRON - Image: 5119, Task: 244, Done
08/04/2019 07:21:24 pm - IMG CRON - Image: 5118, Task: 243, Done
08/04/2019 07:32:40 pm - IMG CRON - Image: 5121, Task: 246, Done
08/04/2019 07:41:22 pm - IMG CRON - Image: 5126, Task: 249, Done
08/04/2019 07:41:26 pm - IMG CRON - Image: 5124, Task: 248, Done
08/04/2019 07:41:30 pm - IMG CRON - Image: 5122, Task: 247, Done
08/04/2019 07:46:17 pm - IMG CRON - Image: 5131, Task: 252, Done
08/04/2019 07:46:21 pm - IMG CRON - Image: 5129, Task: 251, Done
08/04/2019 07:46:25 pm - IMG CRON - Image: 5127, Task: 250, Done
08/04/2019 07:51:31 pm - IMG CRON - Image: 5133, Task: 254, Done
08/04/2019 07:51:36 pm - IMG CRON - Image: 5132, Task: 253, Done
08/04/2019 08:06:43 pm - IMG CRON - Image: 5137, Task: 258, Done
08/04/2019 08:06:50 pm - IMG CRON - Image: 5136, Task: 257, Done
08/04/2019 08:06:59 pm - IMG CRON - Image: 5135, Task: 256, Done
08/04/2019 08:07:05 pm - IMG CRON - Image: 5134, Task: 255, Done
08/04/2019 08:11:39 pm - IMG CRON - Image: 5144, Task: 265, Done
08/04/2019 08:11:48 pm - IMG CRON - Image: 5143, Task: 264, Done
08/04/2019 08:11:55 pm - IMG CRON - Image: 5142, Task: 263, Done
08/04/2019 08:12:04 pm - IMG CRON - Image: 5141, Task: 262, Done
08/04/2019 08:16:14 pm - IMG CRON - Image: 5152, Task: 273, Done
08/04/2019 08:16:21 pm - IMG CRON - Image: 5151, Task: 272, Done
08/04/2019 08:16:30 pm - IMG CRON - Image: 5150, Task: 271, Done
08/04/2019 08:16:38 pm - IMG CRON - Image: 5149, Task: 270, Done
08/04/2019 08:21:26 pm - IMG CRON - Image: 5154, Task: 275, Done
08/04/2019 08:21:33 pm - IMG CRON - Image: 5153, Task: 274, Done
08/04/2019 08:21:42 pm - IMG CRON - Image: 5148, Task: 269, Done
08/04/2019 08:21:50 pm - IMG CRON - Image: 5147, Task: 268, Done
08/04/2019 08:26:09 pm - IMG CRON - Image: 5162, Task: 283, Done
08/04/2019 08:26:20 pm - IMG CRON - Image: 5161, Task: 282, Done
08/04/2019 08:26:26 pm - IMG CRON - Image: 5160, Task: 281, Done
08/04/2019 08:26:33 pm - IMG CRON - Image: 5159, Task: 280, Done
08/04/2019 08:32:36 pm - IMG CRON - Image: 5169, Task: 290, Done
08/04/2019 08:32:45 pm - IMG CRON - Image: 5168, Task: 289, Done
08/04/2019 08:32:51 pm - IMG CRON - Image: 5167, Task: 288, Done
08/04/2019 08:33:00 pm - IMG CRON - Image: 5166, Task: 287, Done
08/04/2019 08:36:43 pm - IMG CRON - Image: 5173, Task: 294, Done
08/04/2019 08:36:52 pm - IMG CRON - Image: 5172, Task: 293, Done
08/04/2019 08:36:59 pm - IMG CRON - Image: 5171, Task: 292, Done
08/04/2019 08:36:59 pm - IMG CRON - Image: 5170, Task: 291, Fail, 0
08/04/2019 08:41:36 pm - IMG CRON - Image: 5165, Task: 286, Done
08/04/2019 08:41:43 pm - IMG CRON - Image: 5164, Task: 285, Done
08/04/2019 08:41:49 pm - IMG CRON - Image: 5163, Task: 284, Done
08/04/2019 08:41:56 pm - IMG CRON - Image: 5158, Task: 279, Done
08/04/2019 08:50:00 pm - IMG CRON - Image: 5157, Task: 278, Done
08/04/2019 08:50:09 pm - IMG CRON - Image: 5156, Task: 277, Done
08/04/2019 08:50:15 pm - IMG CRON - Image: 5155, Task: 276, Done
08/04/2019 08:50:24 pm - IMG CRON - Image: 5146, Task: 267, Done
09/04/2019 02:02:42 am - IMG CRON - Image: 5145, Task: 266, Done
09/04/2019 02:02:51 am - IMG CRON - Image: 5140, Task: 261, Done
09/04/2019 02:03:00 am - IMG CRON - Image: 5139, Task: 260, Done
09/04/2019 02:03:08 am - IMG CRON - Image: 5138, Task: 259, Done
09/04/2019 02:06:00 am - IMG CRON - Image: 5177, Task: 298, Done
09/04/2019 02:06:04 am - IMG CRON - Image: 5176, Task: 297, Done
09/04/2019 02:06:08 am - IMG CRON - Image: 5175, Task: 296, Done
09/04/2019 02:06:12 am - IMG CRON - Image: 5174, Task: 295, Done
09/04/2019 02:11:25 am - IMG CRON - Image: 5192, Task: 313, Done
09/04/2019 02:11:29 am - IMG CRON - Image: 5191, Task: 312, Done
09/04/2019 02:11:33 am - IMG CRON - Image: 5190, Task: 311, Done
09/04/2019 02:11:37 am - IMG CRON - Image: 5189, Task: 310, Done
09/04/2019 02:11:59 am - IMG CRON - Image: 5188, Task: 309, Done
09/04/2019 02:12:03 am - IMG CRON - Image: 5187, Task: 308, Done
09/04/2019 02:12:07 am - IMG CRON - Image: 5186, Task: 307, Done
09/04/2019 02:12:12 am - IMG CRON - Image: 5185, Task: 306, Done
09/04/2019 02:16:22 am - IMG CRON - Image: 5212, Task: 333, Done
09/04/2019 02:16:26 am - IMG CRON - Image: 5211, Task: 332, Done
09/04/2019 02:16:30 am - IMG CRON - Image: 5210, Task: 331, Done
09/04/2019 02:16:34 am - IMG CRON - Image: 5209, Task: 330, Done
09/04/2019 05:14:18 pm - IMG CRON - Image: 5208, Task: 329, Done
09/04/2019 05:14:23 pm - IMG CRON - Image: 5207, Task: 328, Done
09/04/2019 05:14:27 pm - IMG CRON - Image: 5206, Task: 327, Done
09/04/2019 05:14:31 pm - IMG CRON - Image: 5205, Task: 326, Done
09/04/2019 06:53:22 pm - IMG CRON - Image: 5204, Task: 325, Done
09/04/2019 06:53:26 pm - IMG CRON - Image: 5203, Task: 324, Done
09/04/2019 06:53:30 pm - IMG CRON - Image: 5202, Task: 323, Done
09/04/2019 06:53:35 pm - IMG CRON - Image: 5201, Task: 322, Done
10/04/2019 08:10:57 am - IMG CRON - Image: 5200, Task: 321, Done
10/04/2019 08:11:01 am - IMG CRON - Image: 5199, Task: 320, Done
10/04/2019 08:11:05 am - IMG CRON - Image: 5198, Task: 319, Done
10/04/2019 08:11:10 am - IMG CRON - Image: 5197, Task: 318, Done
10/04/2019 10:26:22 am - IMG CRON - Image: 5196, Task: 317, Done
10/04/2019 10:26:26 am - IMG CRON - Image: 5195, Task: 316, Done
10/04/2019 10:26:31 am - IMG CRON - Image: 5194, Task: 315, Done
10/04/2019 10:26:36 am - IMG CRON - Image: 5193, Task: 314, Done
10/04/2019 10:39:06 am - IMG CRON - Image: 5184, Task: 305, Done
10/04/2019 10:39:10 am - IMG CRON - Image: 5183, Task: 304, Done
10/04/2019 10:39:14 am - IMG CRON - Image: 5182, Task: 303, Done
10/04/2019 10:39:20 am - IMG CRON - Image: 5181, Task: 302, Done
10/04/2019 02:37:36 pm - IMG CRON - Image: 5180, Task: 301, Done
10/04/2019 02:37:40 pm - IMG CRON - Image: 5179, Task: 300, Done
10/04/2019 02:37:44 pm - IMG CRON - Image: 5178, Task: 299, Done
25/04/2019 08:08:01 pm - IMG CRON - Image: 5220, Task: 335, Done
25/04/2019 08:08:01 pm - IMG CRON - Image: 5220, Task: 334, Fail, 
25/04/2019 09:21:19 pm - IMG CRON - Image: 5249, Task: 336, Done
25/04/2019 09:26:11 pm - IMG CRON - Image: 5252, Task: 338, Done
25/04/2019 09:26:15 pm - IMG CRON - Image: 5251, Task: 337, Done
26/04/2019 01:27:16 am - IMG CRON - Image: 5255, Task: 340, Done
26/04/2019 01:27:17 am - IMG CRON - Image: 5254, Task: 339, Done
29/04/2019 09:16:44 pm - IMG CRON - Image: 5259, Task: 341, Done
29/04/2019 09:21:37 pm - IMG CRON - Image: 5260, Task: 342, Fail, Array
(
)

29/04/2019 09:26:16 pm - IMG CRON - Image: 5262, Task: 343, Done
29/04/2019 09:31:04 pm - IMG CRON - Image: 5264, Task: 345, Done
29/04/2019 09:31:04 pm - IMG CRON - Image: 5263, Task: 344, Fail, 0
